[2026-05-21T10:53:31.255Z] Starting dev server with command: pnpm run dev
[2026-05-21T10:53:33.020Z] > animalmind@1.0.0 dev /home/ubuntu/animalmind
[2026-05-21T10:53:33.022Z] > NODE_ENV=development tsx watch server/_core/index.ts
[2026-05-21T10:53:34.251Z] [OAuth] Initialized with baseURL: https://api.manus.im
[2026-05-21T10:53:34.446Z] Server running on http://localhost:3000/
[2026-05-21T11:13:27.760Z] 11:13:27 AM [tsx] change in ./drizzle/schema.ts Restarting...
[2026-05-21T11:13:27.812Z] c
[2026-05-21T11:13:29.408Z] [OAuth] Initialized with baseURL: https://api.manus.im
[2026-05-21T11:13:29.599Z] Server running on http://localhost:3000/
[2026-05-21T11:15:33.159Z] 11:15:33 AM [tsx] change in ./server/db.ts Restarting...
[2026-05-21T11:15:33.189Z] c
[2026-05-21T11:15:34.389Z] [OAuth] Initialized with baseURL: https://api.manus.im
[2026-05-21T11:15:34.572Z] Server running on http://localhost:3000/
[2026-05-21T11:16:02.211Z] 11:16:02 AM [tsx] change in ./server/routers.ts Restarting...
[2026-05-21T11:16:02.249Z] c
[2026-05-21T11:16:03.433Z] [OAuth] Initialized with baseURL: https://api.manus.im
[2026-05-21T11:16:03.609Z] Server running on http://localhost:3000/
[2026-05-21T11:20:11.697Z] [baseline-browser-mapping] The data in this module is over two months old.  To ensure accurate Baseline data, please update: `npm i baseline-browser-mapping@latest -D`
[2026-05-21T11:20:14.200Z] 11:20:14 AM [vite] (client) ✨ new dependencies optimized: recharts, @radix-ui/react-switch, @radix-ui/react-label, @radix-ui/react-dialog
[2026-05-21T11:20:14.200Z] 11:20:14 AM [vite] (client) ✨ optimized dependencies changed. reloading
[2026-05-21T11:20:14.910Z] [Auth] Missing session cookie
[2026-05-21T11:20:28.784Z] 11:20:28 AM [vite] (client) hmr update /src/components/BottomNav.tsx, /src/index.css
[2026-05-21T11:20:33.777Z] 11:20:33 AM [vite] (client) hmr update /src/components/BottomNav.tsx, /src/index.css
[2026-05-21T11:20:38.359Z] 11:20:38 AM [vite] (client) hmr update /src/components/BottomNav.tsx, /src/index.css
[2026-05-21T11:20:42.444Z] 11:20:42 AM [vite] (client) page reload index.html
[2026-05-21T11:20:52.081Z] 11:20:52 AM [vite] (client) page reload index.html
[2026-05-21T11:22:10.431Z] 11:22:10 AM [vite] (client) hmr update /src/index.css, /src/pages/RecordingPage.tsx
[2026-05-21T11:22:16.562Z] 11:22:16 AM [vite] (client) hmr update /src/pages/RecordingPage.tsx, /src/index.css
[2026-05-21T11:22:23.159Z] 11:22:23 AM [vite] (client) ✨ new dependencies optimized: framer-motion
[2026-05-21T11:22:23.159Z] 11:22:23 AM [vite] (client) ✨ optimized dependencies changed. reloading
[2026-05-21T11:22:23.996Z] [Auth] Missing session cookie
[2026-05-21T11:22:47.244Z] [Auth] Missing session cookie
[2026-05-21T11:29:53.850Z] [Auth] Missing session cookie
[2026-05-21T15:35:03.858Z] [Auth] Missing session cookie
[2026-05-21T15:43:09.604Z] ELIFECYCLE  Command failed.
[2026-05-21T15:43:09.657Z] Dev server exited with code -1
[2026-05-21T15:43:10.707Z] Starting dev server with command: pnpm run dev
[2026-05-21T15:43:11.388Z] > animalmind@1.0.0 dev /home/ubuntu/animalmind
[2026-05-21T15:43:11.388Z] > NODE_ENV=development tsx watch server/_core/index.ts
[2026-05-21T15:43:12.772Z] [OAuth] Initialized with baseURL: https://api.manus.im
[2026-05-21T15:43:12.973Z] Server running on http://localhost:3000/
[2026-05-21T15:54:49.105Z] 3:54:49 PM [tsx] change in ./server/db.ts Restarting...
[2026-05-21T15:54:49.118Z] c
[2026-05-21T15:54:50.645Z] [OAuth] Initialized with baseURL: https://api.manus.im
[2026-05-21T15:54:50.856Z] 3:54:50 PM [vite] (client) Re-optimizing dependencies because lockfile has changed
[2026-05-21T15:54:50.904Z] Server running on http://localhost:3000/
[2026-05-21T16:00:38.258Z] ELIFECYCLE  Command failed.
[2026-05-21T16:00:38.273Z] Dev server exited with code -1
[2026-05-21T16:00:39.360Z] Starting dev server with command: pnpm run dev
[2026-05-21T16:00:39.968Z] > animalmind@1.0.0 dev /home/ubuntu/animalmind
[2026-05-21T16:00:39.968Z] > NODE_ENV=development tsx watch server/_core/index.ts
[2026-05-21T16:00:41.132Z] [OAuth] Initialized with baseURL: https://api.manus.im
[2026-05-21T16:00:41.316Z] Server running on http://localhost:3000/
[2026-05-21T16:01:04.494Z] ELIFECYCLE  Command failed.
[2026-05-21T16:01:04.541Z] Dev server exited with code -1
[2026-05-21T16:01:05.595Z] Starting dev server with command: pnpm run dev
[2026-05-21T16:01:06.211Z] > animalmind@1.0.0 dev /home/ubuntu/animalmind
[2026-05-21T16:01:06.211Z] > NODE_ENV=development tsx watch server/_core/index.ts
[2026-05-21T16:01:07.343Z] [OAuth] Initialized with baseURL: https://api.manus.im
[2026-05-21T16:01:07.531Z] Server running on http://localhost:3000/
[2026-05-21T16:01:08.115Z] [baseline-browser-mapping] The data in this module is over two months old.  To ensure accurate Baseline data, please update: `npm i baseline-browser-mapping@latest -D`
[2026-05-21T16:01:09.185Z] [Auth] Missing session cookie
[2026-05-21T16:01:10.679Z] [Auth] Missing session cookie
[2026-05-21T16:02:15.208Z] 4:02:15 PM [tsx] change in ./server/db.ts Restarting...
[2026-05-21T16:02:15.237Z] c
[2026-05-21T16:02:16.388Z] [OAuth] Initialized with baseURL: https://api.manus.im
[2026-05-21T16:02:16.605Z] Server running on http://localhost:3000/
[2026-05-21T16:02:57.735Z] [baseline-browser-mapping] The data in this module is over two months old.  To ensure accurate Baseline data, please update: `npm i baseline-browser-mapping@latest -D`
[2026-05-21T16:02:58.724Z] [Auth] Missing session cookie
[2026-05-21T16:03:15.786Z] 4:03:15 PM [tsx] change in ./server/routers.ts Restarting...
[2026-05-21T16:03:15.801Z] c
[2026-05-21T16:03:16.941Z] [OAuth] Initialized with baseURL: https://api.manus.im
[2026-05-21T16:03:17.131Z] Server running on http://localhost:3000/
[2026-05-21T16:03:20.526Z] [baseline-browser-mapping] The data in this module is over two months old.  To ensure accurate Baseline data, please update: `npm i baseline-browser-mapping@latest -D`
[2026-05-21T16:03:21.475Z] [Auth] Missing session cookie
[2026-05-21T16:03:34.790Z] 4:03:34 PM [tsx] change in ./server/routers.ts Restarting...
[2026-05-21T16:03:34.806Z] c
[2026-05-21T16:03:35.842Z] [OAuth] Initialized with baseURL: https://api.manus.im
[2026-05-21T16:03:36.023Z] Server running on http://localhost:3000/
[2026-05-21T16:03:46.071Z] 4:03:46 PM [tsx] change in ./server/routers.ts Restarting...
[2026-05-21T16:03:46.105Z] c
[2026-05-21T16:03:47.211Z] [OAuth] Initialized with baseURL: https://api.manus.im
[2026-05-21T16:03:47.400Z] Server running on http://localhost:3000/
[2026-05-21T16:03:49.694Z] [baseline-browser-mapping] The data in this module is over two months old.  To ensure accurate Baseline data, please update: `npm i baseline-browser-mapping@latest -D`
[2026-05-21T16:03:50.670Z] [Auth] Missing session cookie
[2026-05-21T16:04:05.351Z] 4:04:05 PM [tsx] change in ./server/db.ts Restarting...
[2026-05-21T16:04:05.382Z] c
[2026-05-21T16:04:06.419Z] [OAuth] Initialized with baseURL: https://api.manus.im
[2026-05-21T16:04:06.627Z] Server running on http://localhost:3000/
[2026-05-21T16:04:10.277Z] 4:04:10 PM [tsx] change in ./server/routers.ts Restarting...
[2026-05-21T16:04:10.317Z] c
[2026-05-21T16:04:11.368Z] [OAuth] Initialized with baseURL: https://api.manus.im
[2026-05-21T16:04:11.556Z] Server running on http://localhost:3000/
[2026-05-21T16:04:14.180Z] [baseline-browser-mapping] The data in this module is over two months old.  To ensure accurate Baseline data, please update: `npm i baseline-browser-mapping@latest -D`
[2026-05-21T16:04:15.169Z] [Auth] Missing session cookie
[2026-05-21T16:04:44.407Z] [Auth] Missing session cookie
[2026-05-21T16:28:48.718Z] 4:28:48 PM [vite] (client) hmr update /src/App.tsx, /src/index.css
[2026-05-21T16:29:02.635Z] ELIFECYCLE  Command failed.
[2026-05-21T16:29:02.705Z] Dev server exited with code -1
[2026-05-21T16:29:03.736Z] Starting dev server with command: pnpm run dev
[2026-05-21T16:29:04.372Z] > animalmind@1.0.0 dev /home/ubuntu/animalmind
[2026-05-21T16:29:04.372Z] > NODE_ENV=development tsx watch server/_core/index.ts
[2026-05-21T16:29:05.552Z] [OAuth] Initialized with baseURL: https://api.manus.im
[2026-05-21T16:29:05.766Z] 4:29:05 PM [vite] (client) Re-optimizing dependencies because lockfile has changed
[2026-05-21T16:29:05.788Z] Server running on http://localhost:3000/
[2026-05-21T16:30:33.549Z] ELIFECYCLE  Command failed.
[2026-05-21T16:30:33.587Z] Dev server exited with code -1
[2026-05-21T16:30:34.650Z] Starting dev server with command: pnpm run dev
[2026-05-21T16:30:35.825Z] > animalmind@1.0.0 dev /home/ubuntu/animalmind
[2026-05-21T16:30:35.825Z] > NODE_ENV=development tsx watch server/_core/index.ts
[2026-05-21T16:30:37.621Z] [OAuth] Initialized with baseURL: https://api.manus.im
[2026-05-21T16:30:37.842Z] Server running on http://localhost:3000/
[2026-05-21T16:31:06.885Z] [baseline-browser-mapping] The data in this module is over two months old.  To ensure accurate Baseline data, please update: `npm i baseline-browser-mapping@latest -D`
[2026-05-21T16:36:16.798Z] 4:36:16 PM [vite] (client) hmr update /src/pages/LoginPage.tsx, /src/index.css
[2026-05-21T16:36:27.095Z] 4:36:27 PM [vite] (client) hmr update /src/contexts/AuthContext.tsx, /src/index.css
[2026-05-21T16:36:41.262Z] 4:36:41 PM [vite] (client) hmr update /src/contexts/AuthContext.tsx, /src/index.css
[2026-05-21T16:37:30.312Z] 4:37:30 PM [vite] (client) hmr update /src/App.tsx, /src/index.css
[2026-05-21T19:29:01.481Z] 7:29:01 PM [vite] (client) page reload index.html
[2026-05-21T19:29:01.481Z] 7:29:01 PM [vite] (client) page reload public/.gitkeep
[2026-05-21T19:29:01.481Z] 7:29:01 PM [vite] (client) page reload public/__manus__/debug-collector.js
[2026-05-21T19:29:01.481Z] 7:29:01 PM [vite] (client) page reload src/App.tsx
[2026-05-21T19:29:01.481Z] 7:29:01 PM [vite] (client) page reload src/_core/hooks/useAuth.ts
[2026-05-21T19:29:01.481Z] 7:29:01 PM [vite] (client) page reload src/components/AIChatBox.tsx
[2026-05-21T19:29:01.481Z] 7:29:01 PM [vite] (client) page reload src/components/BottomNav.tsx
[2026-05-21T19:29:01.481Z] 7:29:01 PM [vite] (client) page reload src/components/DashboardLayout.tsx
[2026-05-21T19:29:01.481Z] 7:29:01 PM [vite] (client) page reload src/components/DashboardLayoutSkeleton.tsx
[2026-05-21T19:29:01.482Z] 7:29:01 PM [vite] (client) page reload src/components/ErrorBoundary.tsx
[2026-05-21T19:29:01.482Z] 7:29:01 PM [vite] (client) page reload src/components/Header.tsx
[2026-05-21T19:29:01.482Z] 7:29:01 PM [vite] (client) page reload src/components/ManusDialog.tsx
[2026-05-21T19:29:01.482Z] 7:29:01 PM [vite] (client) page reload src/components/Map.tsx
[2026-05-21T19:29:01.482Z] 7:29:01 PM [vite] (client) page reload src/components/ProtectedRoute.tsx
[2026-05-21T19:29:01.482Z] 7:29:01 PM [vite] (client) page reload src/components/ui/accordion.tsx
[2026-05-21T19:29:01.482Z] 7:29:01 PM [vite] (client) page reload src/components/ui/alert-dialog.tsx
[2026-05-21T19:29:01.482Z] 7:29:01 PM [vite] (client) page reload src/components/ui/alert.tsx
[2026-05-21T19:29:01.482Z] 7:29:01 PM [vite] (client) page reload src/components/ui/aspect-ratio.tsx
[2026-05-21T19:29:01.482Z] 7:29:01 PM [vite] (client) page reload src/components/ui/avatar.tsx
[2026-05-21T19:29:01.482Z] 7:29:01 PM [vite] (client) page reload src/components/ui/badge.tsx
[2026-05-21T19:29:01.482Z] 7:29:01 PM [vite] (client) page reload src/components/ui/breadcrumb.tsx
[2026-05-21T19:29:01.482Z] 7:29:01 PM [vite] (client) page reload src/components/ui/button-group.tsx
[2026-05-21T19:29:01.482Z] 7:29:01 PM [vite] (client) page reload src/components/ui/button.tsx
[2026-05-21T19:29:01.482Z] 7:29:01 PM [vite] (client) page reload src/components/ui/calendar.tsx
[2026-05-21T19:29:01.482Z] 7:29:01 PM [vite] (client) page reload src/components/ui/card.tsx
[2026-05-21T19:29:01.482Z] 7:29:01 PM [vite] (client) page reload src/components/ui/carousel.tsx
[2026-05-21T19:29:01.482Z] 7:29:01 PM [vite] (client) page reload src/components/ui/chart.tsx
[2026-05-21T19:29:01.482Z] 7:29:01 PM [vite] (client) page reload src/components/ui/checkbox.tsx
[2026-05-21T19:29:01.482Z] 7:29:01 PM [vite] (client) page reload src/components/ui/collapsible.tsx
[2026-05-21T19:29:01.482Z] 7:29:01 PM [vite] (client) page reload src/components/ui/command.tsx
[2026-05-21T19:29:01.482Z] 7:29:01 PM [vite] (client) page reload src/components/ui/context-menu.tsx
[2026-05-21T19:29:01.482Z] 7:29:01 PM [vite] (client) page reload src/components/ui/dialog.tsx
[2026-05-21T19:29:01.482Z] 7:29:01 PM [vite] (client) page reload src/components/ui/drawer.tsx
[2026-05-21T19:29:01.482Z] 7:29:01 PM [vite] (client) page reload src/components/ui/dropdown-menu.tsx
[2026-05-21T19:29:01.482Z] 7:29:01 PM [vite] (client) page reload src/components/ui/empty.tsx
[2026-05-21T19:29:01.482Z] 7:29:01 PM [vite] (client) page reload src/components/ui/field.tsx
[2026-05-21T19:29:01.482Z] 7:29:01 PM [vite] (client) page reload src/components/ui/form.tsx
[2026-05-21T19:29:01.482Z] 7:29:01 PM [vite] (client) page reload src/components/ui/hover-card.tsx
[2026-05-21T19:29:01.482Z] 7:29:01 PM [vite] (client) page reload src/components/ui/input-group.tsx
[2026-05-21T19:29:01.482Z] 7:29:01 PM [vite] (client) page reload src/components/ui/input-otp.tsx
[2026-05-21T19:29:01.482Z] 7:29:01 PM [vite] (client) page reload src/components/ui/input.tsx
[2026-05-21T19:29:01.482Z] 7:29:01 PM [vite] (client) page reload src/components/ui/item.tsx
[2026-05-21T19:29:01.482Z] 7:29:01 PM [vite] (client) page reload src/components/ui/kbd.tsx
[2026-05-21T19:29:01.482Z] 7:29:01 PM [vite] (client) page reload src/components/ui/label.tsx
[2026-05-21T19:29:01.482Z] 7:29:01 PM [vite] (client) page reload src/components/ui/menubar.tsx
[2026-05-21T19:29:01.482Z] 7:29:01 PM [vite] (client) page reload src/components/ui/navigation-menu.tsx
[2026-05-21T19:29:01.482Z] 7:29:01 PM [vite] (client) page reload src/components/ui/pagination.tsx
[2026-05-21T19:29:01.482Z] 7:29:01 PM [vite] (client) page reload src/components/ui/popover.tsx
[2026-05-21T19:29:01.482Z] 7:29:01 PM [vite] (client) page reload src/components/ui/progress.tsx
[2026-05-21T19:29:01.483Z] 7:29:01 PM [vite] (client) page reload src/components/ui/radio-group.tsx
[2026-05-21T19:29:01.483Z] 7:29:01 PM [vite] (client) page reload src/components/ui/resizable.tsx
[2026-05-21T19:29:01.483Z] 7:29:01 PM [vite] (client) page reload src/components/ui/scroll-area.tsx
[2026-05-21T19:29:01.483Z] 7:29:01 PM [vite] (client) page reload src/components/ui/select.tsx
[2026-05-21T19:29:01.483Z] 7:29:01 PM [vite] (client) page reload src/components/ui/separator.tsx
[2026-05-21T19:29:01.483Z] 7:29:01 PM [vite] (client) page reload src/components/ui/sheet.tsx
[2026-05-21T19:29:01.483Z] 7:29:01 PM [vite] (client) page reload src/components/ui/sidebar.tsx
[2026-05-21T19:29:01.483Z] 7:29:01 PM [vite] (client) page reload src/components/ui/skeleton.tsx
[2026-05-21T19:29:01.483Z] 7:29:01 PM [vite] (client) page reload src/components/ui/slider.tsx
[2026-05-21T19:29:01.483Z] 7:29:01 PM [vite] (client) page reload src/components/ui/sonner.tsx
[2026-05-21T19:29:01.483Z] 7:29:01 PM [vite] (client) page reload src/components/ui/spinner.tsx
[2026-05-21T19:29:01.483Z] 7:29:01 PM [vite] (client) page reload src/components/ui/switch.tsx
[2026-05-21T19:29:01.483Z] 7:29:01 PM [vite] (client) page reload src/components/ui/table.tsx
[2026-05-21T19:29:01.483Z] 7:29:01 PM [vite] (client) page reload src/components/ui/tabs.tsx
[2026-05-21T19:29:01.483Z] 7:29:01 PM [vite] (client) page reload src/components/ui/textarea.tsx
[2026-05-21T19:29:01.483Z] 7:29:01 PM [vite] (client) page reload src/components/ui/toggle-group.tsx
[2026-05-21T19:29:01.484Z] 7:29:01 PM [vite] (client) page reload src/components/ui/toggle.tsx
[2026-05-21T19:29:01.484Z] 7:29:01 PM [vite] (client) page reload src/components/ui/tooltip.tsx
[2026-05-21T19:29:01.484Z] 7:29:01 PM [vite] (client) page reload src/const.ts
[2026-05-21T19:29:01.484Z] 7:29:01 PM [vite] (client) page reload src/contexts/AuthContext.tsx
[2026-05-21T19:29:01.484Z] 7:29:01 PM [vite] (client) page reload src/contexts/ThemeContext.tsx
[2026-05-21T19:29:01.484Z] 7:29:01 PM [vite] (client) page reload src/hooks/useComposition.ts
[2026-05-21T19:29:01.484Z] 7:29:01 PM [vite] (client) page reload src/hooks/useMobile.tsx
[2026-05-21T19:29:01.484Z] 7:29:01 PM [vite] (client) page reload src/hooks/useNotifications.ts
[2026-05-21T19:29:01.484Z] 7:29:01 PM [vite] (client) page reload src/hooks/usePersistFn.ts
[2026-05-21T19:29:01.484Z] 7:29:01 PM [vite] (client) hmr update /src/index.css
[2026-05-21T19:29:01.484Z] 7:29:01 PM [vite] (client) page reload src/lib/trpc.ts
[2026-05-21T19:29:01.484Z] 7:29:01 PM [vite] (client) page reload src/lib/utils.ts
[2026-05-21T19:29:01.484Z] 7:29:01 PM [vite] (client) page reload src/main.tsx
[2026-05-21T19:29:01.484Z] 7:29:01 PM [vite] (client) page reload src/pages/ComponentShowcase.tsx
[2026-05-21T19:29:01.484Z] 7:29:01 PM [vite] (client) page reload src/pages/DashboardPage.tsx
[2026-05-21T19:29:01.484Z] 7:29:01 PM [vite] (client) page reload src/pages/HistoryPage.tsx
[2026-05-21T19:29:01.484Z] 7:29:01 PM [vite] (client) page reload src/pages/Home.tsx
[2026-05-21T19:29:01.484Z] 7:29:01 PM [vite] (client) page reload src/pages/LoginPage.tsx
[2026-05-21T19:29:01.484Z] 7:29:01 PM [vite] (client) page reload src/pages/NotFound.tsx
[2026-05-21T19:29:01.485Z] 7:29:01 PM [vite] (client) page reload src/pages/ProfilePage.tsx
[2026-05-21T19:29:01.485Z] 7:29:01 PM [vite] (client) page reload src/pages/RecordingPage.tsx
[2026-05-21T19:29:01.485Z] 7:29:01 PM [vite] (client) page reload src/pages/RegisterPage.tsx
[2026-05-21T19:29:01.485Z] 7:29:01 PM [vite] (client) page reload src/pages/SettingsPage.tsx
[2026-05-21T19:29:01.485Z] 7:29:01 PM [vite] (client) page reload src/pages/ForgotPasswordPage.tsx
[2026-05-21T19:29:01.485Z] 7:29:01 PM [vite] (client) page reload src/pages/ResetPasswordPage.tsx
[2026-05-21T19:29:01.485Z] 7:29:01 PM [vite] (client) page reload src/pages/VerifyEmailPage.tsx
[2026-05-21T19:29:01.485Z] 7:29:01 PM [vite] (client) page reload src/pages/UserProfilePage.tsx
[2026-05-21T19:29:01.588Z] 7:29:01 PM [tsx] unlink in ./shared/_core/errors.ts Restarting...
[2026-05-21T19:29:01.588Z] 7:29:01 PM [vite] changed tsconfig file detected: /home/ubuntu/animalmind/tsconfig.json - Clearing cache and forcing full-reload to ensure TypeScript is compiled with updated config values.
[2026-05-21T19:29:01.589Z] 7:29:01 PM [vite] (client) page reload /home/ubuntu/animalmind/shared/const.ts
[2026-05-21T19:29:01.589Z] 7:29:01 PM [vite] (client) page reload /home/ubuntu/animalmind/shared/types.ts
[2026-05-21T19:29:01.603Z] c
[2026-05-21T19:29:01.691Z] 7:29:01 PM [tsx] unlink in ./vite.config.ts Restarting...
[2026-05-21T19:29:01.722Z] c
[2026-05-21T19:29:01.946Z] node:internal/modules/run_main:122
[2026-05-21T19:29:01.946Z] triggerUncaughtException(
[2026-05-21T19:29:01.946Z] ^
[2026-05-21T19:29:01.946Z] Error [ERR_MODULE_NOT_FOUND]: Cannot find module '/home/ubuntu/animalmind/server/_core/index.ts' imported from /home/ubuntu/animalmind/
[2026-05-21T19:29:01.946Z] at finalizeResolution (node:internal/modules/esm/resolve:275:11)
[2026-05-21T19:29:01.946Z] at moduleResolve (node:internal/modules/esm/resolve:932:10)
[2026-05-21T19:29:01.946Z] at defaultResolve (node:internal/modules/esm/resolve:1056:11)
[2026-05-21T19:29:01.946Z] at nextResolve (node:internal/modules/esm/hooks:748:28)
[2026-05-21T19:29:01.946Z] at resolveBase (file:///home/ubuntu/animalmind/node_modules/.pnpm/tsx@4.20.6/node_modules/tsx/dist/esm/index.mjs?1779391741831:2:3744)
[2026-05-21T19:29:01.946Z] at resolveDirectory (file:///home/ubuntu/animalmind/node_modules/.pnpm/tsx@4.20.6/node_modules/tsx/dist/esm/index.mjs?1779391741831:2:4243)
[2026-05-21T19:29:01.946Z] at resolveTsPaths (file:///home/ubuntu/animalmind/node_modules/.pnpm/tsx@4.20.6/node_modules/tsx/dist/esm/index.mjs?1779391741831:2:4984)
[2026-05-21T19:29:01.946Z] at resolve (file:///home/ubuntu/animalmind/node_modules/.pnpm/tsx@4.20.6/node_modules/tsx/dist/esm/index.mjs?1779391741831:2:5361)
[2026-05-21T19:29:01.946Z] at nextResolve (node:internal/modules/esm/hooks:748:28)
[2026-05-21T19:29:01.946Z] at Hooks.resolve (node:internal/modules/esm/hooks:240:30) {
[2026-05-21T19:29:01.946Z] code: 'ERR_MODULE_NOT_FOUND',
[2026-05-21T19:29:01.946Z] url: 'file:///home/ubuntu/animalmind/server/_core/index.ts'
[2026-05-21T19:29:01.946Z] }
[2026-05-21T19:29:01.946Z] Node.js v22.13.0
[2026-05-21T19:29:06.711Z] Dev server exited with code 0
